\BOOKMARK [1][-]{section.1}{Monday, January 11: Introduction and Divisibility}{}% 1
\BOOKMARK [2][-]{subsection.1.1}{Introduction \(30 minutes\)}{section.1}% 2
\BOOKMARK [2][-]{subsection.1.2}{What is group work \(10 minutes, breakout rooms\)}{section.1}% 3
\BOOKMARK [2][-]{subsection.1.3}{Divisibility \(15 minutes\)}{section.1}% 4
\BOOKMARK [1][-]{section.2}{Wednesday, January 13: Division algorithm, divisibility}{}% 5
\BOOKMARK [2][-]{subsection.2.1}{Review of reading assignment \(5 minutes\)}{section.2}% 6
\BOOKMARK [2][-]{subsection.2.2}{Division Algorithm \(40 minutes\)}{section.2}% 7
\BOOKMARK [2][-]{subsection.2.3}{Divisibility \(10 minutes\)}{section.2}% 8
\BOOKMARK [1][-]{section.3}{Friday, January 15: Greatest Common Divisor, Bezout's identity}{}% 9
\BOOKMARK [2][-]{subsection.3.1}{Finishing divisibility \(15 minutes\)}{section.3}% 10
\BOOKMARK [2][-]{subsection.3.2}{Reading review \(5 minutes\)}{section.3}% 11
\BOOKMARK [2][-]{subsection.3.3}{Greatest common divisor \(35 minutes\)}{section.3}% 12
\BOOKMARK [1][-]{section.4}{Wednesday, January 20: Least common multiple and the start of Linear Diophantine equations}{}% 13
\BOOKMARK [2][-]{subsection.4.1}{Announcements \(5 minutes\)}{section.4}% 14
\BOOKMARK [2][-]{subsection.4.2}{The Euclidean algorithm \(40 minutes\)}{section.4}% 15
\BOOKMARK [2][-]{subsection.4.3}{Review of reading and least common multiple \(5 minutes\)}{section.4}% 16
\BOOKMARK [2][-]{subsection.4.4}{Introduction to Diophantine equations \(5 minutes\)}{section.4}% 17
\BOOKMARK [1][-]{section.5}{Friday, January 22: Diophantine equations}{}% 18
\BOOKMARK [2][-]{subsection.5.1}{Linear Diophantine equations \(40 minutes\)}{section.5}% 19
\BOOKMARK [2][-]{subsection.5.2}{Primes \(10 minutes\)}{section.5}% 20
\BOOKMARK [1][-]{section.6}{Monday, January 25: More primes}{}% 21
\BOOKMARK [2][-]{subsection.6.1}{Primes \(45 minutes\)}{section.6}% 22
\BOOKMARK [2][-]{subsection.6.2}{An asside on unique factorization \(10 minutes\)}{section.6}% 23
\BOOKMARK [1][-]{section.7}{Wednesday, January 27: More distribution of primes}{}% 24
\BOOKMARK [2][-]{subsection.7.1}{Review of reading and announcements \(5 minutes\)}{section.7}% 25
\BOOKMARK [2][-]{subsection.7.2}{Finishing Unique factorizations \(10 minutes\)}{section.7}% 26
\BOOKMARK [2][-]{subsection.7.3}{Prime-power factorization \(20 minutes\)}{section.7}% 27
\BOOKMARK [2][-]{subsection.7.4}{Counting primes \(25 minutes, some moved to Friday\)}{section.7}% 28
\BOOKMARK [1][-]{section.8}{Friday, January 29: Finishing up primes}{}% 29
\BOOKMARK [2][-]{subsection.8.1}{Announcements \(5 minutes\)}{section.8}% 30
\BOOKMARK [2][-]{subsection.8.2}{Counting primes \(20 minutes\)}{section.8}% 31
\BOOKMARK [2][-]{subsection.8.3}{Creating feedback rubrics \(20 minutes\)}{section.8}% 32
\BOOKMARK [1][-]{section.9}{Monday, February 1: Modular arithmetic}{}% 33
\BOOKMARK [2][-]{subsection.9.1}{Primality testing and factorization \(10 minutes\)}{section.9}% 34
\BOOKMARK [2][-]{subsection.9.2}{Review of Reading \(5 minutes\)}{section.9}% 35
\BOOKMARK [2][-]{subsection.9.3}{Modular arithmetic \(40 minutes\)}{section.9}% 36
\BOOKMARK [1][-]{section.10}{Wednesday, February 3: Modular arithmetic}{}% 37
\BOOKMARK [2][-]{subsection.10.1}{Student questions \(5 minutes\)}{section.10}% 38
\BOOKMARK [2][-]{subsection.10.2}{Finish material from Monday \(30 minutes\)}{section.10}% 39
\BOOKMARK [2][-]{subsection.10.3}{More on basics of modular arithmetic \(20 minutes\)}{section.10}% 40
\BOOKMARK [1][-]{section.11}{Friday, February 5: Modular arithmetic with polynomials}{}% 41
\BOOKMARK [2][-]{subsection.11.1}{Questions from students \(5 minutes\)}{section.11}% 42
\BOOKMARK [2][-]{subsection.11.2}{Modular arithmetic with polynomials \(10 minutes\)}{section.11}% 43
\BOOKMARK [2][-]{subsection.11.3}{Residue classes, lots of definitions \(40 minutes\)}{section.11}% 44
\BOOKMARK [1][-]{section.12}{Monday, February 8: Linear Congruences}{}% 45
\BOOKMARK [2][-]{subsection.12.1}{Questions about reading, announcements \(5 minutes\)}{section.12}% 46
\BOOKMARK [2][-]{subsection.12.2}{Zero Divisors \(15 minutes\)}{section.12}% 47
\BOOKMARK [2][-]{subsection.12.3}{Linear Congruences \(25 minutes\)}{section.12}% 48
\BOOKMARK [1][-]{section.13}{Wednesday, February 10: Chinese remainder theorem}{}% 49
\BOOKMARK [1][-]{section.14}{Friday, February 12: Fermat's Little Theorem and Euler's generalization}{}% 50
\BOOKMARK [2][-]{subsection.14.1}{Fermat's Little Theorem and Euler's generalization \(25 minutes\)}{section.14}% 51
\BOOKMARK [1][-]{section.15}{Monday, February 15: Applications of the Chinese Remainder Theorem}{}% 52
\BOOKMARK [2][-]{subsection.15.1}{Applications of the Chinese Remainder Theorem \(55 minutes\)}{section.15}% 53
\BOOKMARK [1][-]{section.16}{Wednesday: Order of elements Zp, quadratic polynomials mod n, polynomials mod p.}{}% 54
\BOOKMARK [2][-]{subsection.16.1}{Announcements \(5 minutes\)}{section.16}% 55
\BOOKMARK [2][-]{subsection.16.2}{Roots of a cubic \(20 minutes\)}{section.16}% 56
\BOOKMARK [2][-]{subsection.16.3}{Order of elements Zp \(30 minutes\)}{section.16}% 57
\BOOKMARK [1][-]{section.17}{Friday: Polynomials mod p.}{}% 58
\BOOKMARK [2][-]{subsection.17.1}{Finishing order of elements \(20 minutes\)}{section.17}% 59
\BOOKMARK [2][-]{subsection.17.2}{Quadratic polynomials mod n \(30 minutes\)}{section.17}% 60
\BOOKMARK [1][-]{section.18}{Monday, February 22: Congruences with a Prime-power Modulus}{}% 61
\BOOKMARK [2][-]{subsection.18.1}{Quadratic polynomials mod n \(15 minutes\)}{section.18}% 62
\BOOKMARK [2][-]{subsection.18.2}{The arithmetic of Zp \(30 minutes\)}{section.18}% 63
\BOOKMARK [1][-]{section.19}{Friday, February 26: Primality testing}{}% 64
\BOOKMARK [2][-]{subsection.19.1}{Updates and reminders \(15 minutes\)}{section.19}% 65
\BOOKMARK [2][-]{subsection.19.2}{Finishing polynomial roots \(30 minutes\)}{section.19}% 66
\BOOKMARK [2][-]{subsection.19.3}{Primality Testing \(10 minutes\)}{section.19}% 67
\BOOKMARK [1][-]{section.20}{Monday, March 1: Primality testing and Carmichael Numbers}{}% 68
\BOOKMARK [2][-]{subsection.20.1}{Primality Testing \(10 minutes\)}{section.20}% 69
\BOOKMARK [2][-]{subsection.20.2}{Carmichael Numbers \(25 minutes\)}{section.20}% 70
\BOOKMARK [1][-]{section.21}{Wednesday, March 3: Primality testing}{}% 71
\BOOKMARK [2][-]{subsection.21.1}{Computational Complexity of Factoring \(50 minutes\)}{section.21}% 72
\BOOKMARK [1][-]{section.22}{Friday, March 5: Practice with additive ciphers, Diffie-Hellman, and RSA}{}% 73
\BOOKMARK [2][-]{subsection.22.1}{Creating algorithms with something other than numbers \(25 minutes\)}{section.22}% 74
\BOOKMARK [2][-]{subsection.22.2}{Diffie-Hellman Key Exchange \(25 minutes\)}{section.22}% 75
\BOOKMARK [1][-]{section.23}{Monday, March 8: Practice Diffie-Hellman, RSA}{}% 76
\BOOKMARK [2][-]{subsection.23.1}{Diffie-Hellamn \(10 minutes\)}{section.23}% 77
\BOOKMARK [2][-]{subsection.23.2}{RSA \(20 minutes\)}{section.23}% 78
\BOOKMARK [1][-]{section.24}{Wednesday, March 10: Logarithms, groups, rings, and fields}{}% 79
\BOOKMARK [2][-]{subsection.24.1}{Logarithms \(40 minutes\)}{section.24}% 80
\BOOKMARK [2][-]{subsection.24.2}{Groups, rings, and fields \(15 minutes\)}{section.24}% 81
\BOOKMARK [1][-]{section.25}{Friday, March 12: Primitive roots}{}% 82
\BOOKMARK [2][-]{subsection.25.1}{Homework related announcements \(5 minutes\)}{section.25}% 83
\BOOKMARK [2][-]{subsection.25.2}{Groups, rings, and fields \(30 minutes\)}{section.25}% 84
\BOOKMARK [2][-]{subsection.25.3}{Primitive roots \(15 minutes\)}{section.25}% 85
\BOOKMARK [1][-]{section.26}{Monday, March 15: Primitive roots, rings, fields}{}% 86
\BOOKMARK [2][-]{subsection.26.1}{Primitive roots \(50 minutes\)}{section.26}% 87
\BOOKMARK [1][-]{section.27}{Wednesday, March 17: Primitive roots, rings, fields}{}% 88
\BOOKMARK [2][-]{subsection.27.1}{Corrections \(10 minutes\)}{section.27}% 89
\BOOKMARK [2][-]{subsection.27.2}{Group Isomorphisms, Cyclic Groups, equivalences with the textbook \(40 minutes\)}{section.27}% 90
\BOOKMARK [1][-]{section.28}{Friday, March 19: Other common number theory functions, start of quadratic residues}{}% 91
\BOOKMARK [2][-]{subsectio